c:\documents and settings\hdjd\桌面\consdfa\consdfa\debug\consdfa.pch
c:\documents and settings\hdjd\桌面\consdfa\consdfa\debug\stdafx.obj
c:\documents and settings\hdjd\桌面\consdfa\consdfa\debug\vc100.pdb
c:\documents and settings\hdjd\桌面\consdfa\consdfa\debug\consdfa.obj
c:\documents and settings\hdjd\桌面\consdfa\debug\consdfa.ilk
c:\documents and settings\hdjd\桌面\consdfa\debug\consdfa.exe
c:\documents and settings\hdjd\桌面\consdfa\consdfa\debug\consdfa.exe.intermediate.manifest
c:\documents and settings\hdjd\桌面\consdfa\debug\consdfa.pdb
c:\documents and settings\hdjd\桌面\consdfa\consdfa\debug\consdfa.exe.embed.manifest
c:\documents and settings\hdjd\桌面\consdfa\consdfa\debug\consdfa.exe.embed.manifest.res
c:\users\pxjw\desktop\consdfa\consdfa\debug\consdfa.pch
c:\users\pxjw\desktop\consdfa\consdfa\debug\vc120.pdb
c:\users\pxjw\desktop\consdfa\consdfa\debug\vc120.idb
c:\users\pxjw\desktop\consdfa\consdfa\debug\stdafx.obj
c:\users\pxjw\desktop\consdfa\consdfa\debug\consdfa.obj
c:\users\pxjw\desktop\consdfa\debug\consdfa.ilk
c:\users\pxjw\desktop\consdfa\debug\consdfa.exe
c:\users\pxjw\desktop\consdfa\debug\consdfa.pdb
c:\users\pxjw\desktop\consdfa\consdfa\debug\cl.command.1.tlog
c:\users\pxjw\desktop\consdfa\consdfa\debug\cl.read.1.tlog
c:\users\pxjw\desktop\consdfa\consdfa\debug\cl.write.1.tlog
c:\users\pxjw\desktop\consdfa\consdfa\debug\link-cvtres.read.1.tlog
c:\users\pxjw\desktop\consdfa\consdfa\debug\link-cvtres.write.1.tlog
c:\users\pxjw\desktop\consdfa\consdfa\debug\link.2496-cvtres.read.1.tlog
c:\users\pxjw\desktop\consdfa\consdfa\debug\link.2496-cvtres.write.1.tlog
c:\users\pxjw\desktop\consdfa\consdfa\debug\link.2496.read.1.tlog
c:\users\pxjw\desktop\consdfa\consdfa\debug\link.2496.write.1.tlog
c:\users\pxjw\desktop\consdfa\consdfa\debug\link.3572-cvtres.read.1.tlog
c:\users\pxjw\desktop\consdfa\consdfa\debug\link.3572-cvtres.write.1.tlog
c:\users\pxjw\desktop\consdfa\consdfa\debug\link.3572.read.1.tlog
c:\users\pxjw\desktop\consdfa\consdfa\debug\link.3572.write.1.tlog
c:\users\pxjw\desktop\consdfa\consdfa\debug\link.command.1.tlog
c:\users\pxjw\desktop\consdfa\consdfa\debug\link.read.1.tlog
c:\users\pxjw\desktop\consdfa\consdfa\debug\link.write.1.tlog
c:\users\pxjw\desktop\consdfa\consdfa\debug\mt.command.1.tlog
c:\users\pxjw\desktop\consdfa\consdfa\debug\mt.read.1.tlog
c:\users\pxjw\desktop\consdfa\consdfa\debug\mt.write.1.tlog
c:\users\pxjw\desktop\consdfa\consdfa\debug\rc.command.1.tlog
c:\users\pxjw\desktop\consdfa\consdfa\debug\rc.read.1.tlog
c:\users\pxjw\desktop\consdfa\consdfa\debug\rc.write.1.tlog
c:\users\pxjw\desktop\consdfa\consdfa\debug\consdfa.exe.embed.manifest
c:\users\pxjw\desktop\consdfa\consdfa\debug\consdfa.exe.intermediate.manifest
c:\users\pxjw\desktop\consdfa\consdfa\debug\consdfa.exe.embed.manifest.res
c:\users\pxjw\desktop\consdfa\consdfa\debug\vc100.idb
c:\users\pxjw\desktop\consdfa\consdfa\debug\vc100.pdb
c:\users\pxjw\desktop\consdfa\consdfa\debug\consdfa_manifest.rc
c:\users\pxjw\desktop\consdfa\consdfa\debug\consdfa.tlog\cl.command.1.tlog
c:\users\pxjw\desktop\consdfa\consdfa\debug\consdfa.tlog\cl.read.1.tlog
c:\users\pxjw\desktop\consdfa\consdfa\debug\consdfa.tlog\cl.write.1.tlog
c:\users\pxjw\desktop\consdfa\consdfa\debug\consdfa.tlog\link.command.1.tlog
c:\users\pxjw\desktop\consdfa\consdfa\debug\consdfa.tlog\link.read.1.tlog
c:\users\pxjw\desktop\consdfa\consdfa\debug\consdfa.tlog\link.write.1.tlog
